<?xml version="1.0" encoding="UTF-8"?>
<!-- Generated by org.testng.reporters.JUnitXMLReporter -->
<testsuite ignored="0" hostname="DESKTOP-B3GDVAJ" failures="1" tests="12" name="Test" time="107.632" errors="0" timestamp="2023-01-30T16:47:14 GMT">
  <testcase classname="com.ohrm.testcases.LoginPageTest" name="companyLinkTest" time="0.68"/>
  <testcase classname="com.ohrm.testcases.LoginPageTest" name="forgotPasswordTest" time="1.955"/>
  <testcase classname="com.ohrm.testcases.LoginPageTest" name="validateLogin" time="1.916"/>
  <testcase classname="com.ohrm.testcases.LoginPageTest" name="validateTitleTest" time="0.009"/>
  <testcase classname="com.ohrm.testcases.AdminPageTest" name="addUserTest" time="1.651">
    <failure type="org.openqa.selenium.support.ui.UnexpectedTagNameException" message="Element should have been &amp;quot;select&amp;quot; but was &amp;quot;div&amp;quot;
Build info: version: &amp;apos;4.7.2&amp;apos;, revision: &amp;apos;4d4020c3b7&amp;apos;
System info: os.name: &amp;apos;Windows 10&amp;apos;, os.arch: &amp;apos;amd64&amp;apos;, os.version: &amp;apos;10.0&amp;apos;, java.version: &amp;apos;11.0.17&amp;apos;
Driver info: driver.version: unknown">
      <![CDATA[org.openqa.selenium.support.ui.UnexpectedTagNameException: Element should have been "select" but was "div"
Build info: version: '4.7.2', revision: '4d4020c3b7'
System info: os.name: 'Windows 10', os.arch: 'amd64', os.version: '10.0', java.version: '11.0.17'
Driver info: driver.version: unknown
at org.openqa.selenium.support.ui.Select.<init>(Select.java:49)
at com.ohrm.pages.AdminPage.addUserTestPresent(AdminPage.java:25)
at com.ohrm.testcases.AdminPageTest.addUserTest(AdminPageTest.java:38)
at java.base/java.util.ArrayList.forEach(ArrayList.java:1541)
... Removed 31 stack frames]]>
    </failure>
  </testcase> <!-- addUserTest -->
  <testcase classname="com.ohrm.testcases.AdminPageTest" name="systemUserSection" time="0.428"/>
  <testcase classname="com.ohrm.testcases.DashboardPageTest" name="buzzLatestPostsSection" time="0.482"/>
  <testcase classname="com.ohrm.testcases.DashboardPageTest" name="employeeDistributionLocationSection" time="0.551"/>
  <testcase classname="com.ohrm.testcases.DashboardPageTest" name="employeesLeaveTodaySection" time="0.578"/>
  <testcase classname="com.ohrm.testcases.DashboardPageTest" name="employteeDistributionSubUnitSection" time="0.502"/>
  <testcase classname="com.ohrm.testcases.DashboardPageTest" name="myActionSection" time="1.015"/>
  <testcase classname="com.ohrm.testcases.DashboardPageTest" name="quickStartSection" time="0.642"/>
</testsuite> <!-- Test -->
